<?xml version="1.0" encoding="UTF-8"?>
<TestRun id="e5fc4875-a338-4117-a178-2781cf229d65" name="admin@MICHEL 2010-08-09 22:35:24" runUser="michel\admin" xmlns="http://microsoft.com/schemas/VisualStudio/TeamTest/2010">
  <TestSettings name="Local" id="b7e0f1f0-b5ae-4c77-8159-e6634f7e88a2">
    <Description>These are default test settings for a local test run.</Description>
    <Deployment enabled="false" runDeploymentRoot="admin_MICHEL 2010-08-09 22_35_24">
      <DeploymentItem filename="I:\ncqrs\Main\Framework\src\Ncqrs\bin\Debug\Ncqrs.dll" />
      <DeploymentItem filename="I:\Hayman\Main\Hayman.Commands\bin\Debug\Hayman.Commands.dll" />
      <DeploymentItem filename="I:\Hayman\Main\Hayman.Events\bin\Debug\Hayman.Events.dll" />
      <DeploymentItem filename="I:\Hayman\Main\Hayman.Domain\bin\Debug\Hayman.Domain.dll" />
    </Deployment>
    <Execution>
      <TestTypeSpecific />
      <AgentRule name="Execution Agents">
      </AgentRule>
    </Execution>
  </TestSettings>
  <Times creation="2010-08-09T22:35:24.8869240+02:00" queuing="2010-08-09T22:35:25.5469618+02:00" start="2010-08-09T22:35:25.5999648+02:00" finish="2010-08-09T22:37:17.1943477+02:00" />
  <ResultSummary outcome="Error">
    <Counters total="1" executed="1" error="1" failed="0" timeout="0" aborted="0" inconclusive="0" passedButRunAborted="0" notRunnable="0" notExecuted="0" disconnected="0" warning="0" passed="0" completed="0" inProgress="0" pending="0" />
  </ResultSummary>
  <TestDefinitions>
    <UnitTest name="CanCreateEmptyModel" storage="i:\hayman\main\tests\backend\domaintests\bin\debug\domaintests.dll" id="f22aaa54-4ce2-f2fb-fa44-f66be16bb999">
      <Execution id="fcfbe04a-1d20-4a28-8f9f-11d5b84d8ae1" />
      <TestMethod codeBase="I:/Hayman/Main/Tests/Backend/DomainTests/bin/Debug/DomainTests.DLL" adapterTypeName="Microsoft.VisualStudio.TestTools.TestTypes.Unit.UnitTestAdapter, Microsoft.VisualStudio.QualityTools.Tips.UnitTest.Adapter, Version=10.0.0.0, Culture=neutral, PublicKeyToken=b03f5f7f11d50a3a" className="DomainTests.ModelTests, DomainTests, Version=1.0.0.0, Culture=neutral, PublicKeyToken=null" name="CanCreateEmptyModel" />
    </UnitTest>
  </TestDefinitions>
  <TestLists>
    <TestList name="Results Not in a List" id="8c84fa94-04c1-424b-9868-57a2d4851a1d" />
    <TestList name="All Loaded Results" id="19431567-8539-422a-85d7-44ee4e166bda" />
  </TestLists>
  <TestEntries>
    <TestEntry testId="f22aaa54-4ce2-f2fb-fa44-f66be16bb999" executionId="fcfbe04a-1d20-4a28-8f9f-11d5b84d8ae1" testListId="8c84fa94-04c1-424b-9868-57a2d4851a1d" />
  </TestEntries>
  <Results>
    <UnitTestResult executionId="fcfbe04a-1d20-4a28-8f9f-11d5b84d8ae1" testId="f22aaa54-4ce2-f2fb-fa44-f66be16bb999" testName="CanCreateEmptyModel" computerName="MICHEL" startTime="2010-08-09T22:35:25.6069652+02:00" endTime="2010-08-09T22:37:17.1803469+02:00" testType="13cdc9d9-ddb5-4fa4-a97d-d965ccfc6d4b" testListId="8c84fa94-04c1-424b-9868-57a2d4851a1d" relativeResultsDirectory="fcfbe04a-1d20-4a28-8f9f-11d5b84d8ae1">
      <Output>
        <ErrorInfo>
          <Message>The agent process was stopped while the test was running.</Message>
        </ErrorInfo>
      </Output>
    </UnitTestResult>
  </Results>
</TestRun>