<?xml version="1.0" encoding="UTF-8"?>
<TestRun id="af36c46e-9094-41a0-b3eb-1fcc5408d423" name="admin@MICHEL 2010-08-09 22:50:00" runUser="michel\admin" xmlns="http://microsoft.com/schemas/VisualStudio/TeamTest/2010">
  <TestSettings name="Local" id="b7e0f1f0-b5ae-4c77-8159-e6634f7e88a2">
    <Description>These are default test settings for a local test run.</Description>
    <Deployment enabled="false" runDeploymentRoot="admin_MICHEL 2010-08-09 22_50_00">
      <DeploymentItem filename="I:\ncqrs\Main\Framework\src\Ncqrs\bin\Debug\Ncqrs.dll" />
      <DeploymentItem filename="I:\Hayman\Main\Hayman.Commands\bin\Debug\Hayman.Commands.dll" />
      <DeploymentItem filename="I:\Hayman\Main\Hayman.Events\bin\Debug\Hayman.Events.dll" />
      <DeploymentItem filename="I:\Hayman\Main\Hayman.CommandExecutors\bin\Debug\Hayman.CommandExecutors.dll" />
      <DeploymentItem filename="I:\Hayman\Main\Hayman.Domain\bin\Debug\Hayman.Domain.dll" />
    </Deployment>
    <Execution>
      <TestTypeSpecific />
      <AgentRule name="Execution Agents">
      </AgentRule>
    </Execution>
  </TestSettings>
  <Times creation="2010-08-09T22:50:00.3169958+02:00" queuing="2010-08-09T22:50:03.1081554+02:00" start="2010-08-09T22:50:03.7751936+02:00" finish="2010-08-09T22:50:28.0455818+02:00" />
  <ResultSummary outcome="Error">
    <Counters total="1" executed="1" error="0" failed="0" timeout="0" aborted="1" inconclusive="0" passedButRunAborted="0" notRunnable="0" notExecuted="0" disconnected="0" warning="0" passed="0" completed="0" inProgress="0" pending="0" />
    <RunInfos>
      <RunInfo computerName="MICHEL" outcome="Error" timestamp="2010-08-09T22:50:28.0435816+02:00">
        <Text>Test host process exited unexpectedly.</Text>
      </RunInfo>
    </RunInfos>
  </ResultSummary>
  <TestDefinitions>
    <UnitTest name="CanCreateEmptyModel" storage="i:\hayman\main\tests\backend\domaintests\bin\debug\domaintests.dll" id="f22aaa54-4ce2-f2fb-fa44-f66be16bb999">
      <Execution id="4fc41b7c-7455-477e-99d0-79626bb3c5b8" />
      <TestMethod codeBase="I:/Hayman/Main/Tests/Backend/DomainTests/bin/Debug/DomainTests.DLL" adapterTypeName="Microsoft.VisualStudio.TestTools.TestTypes.Unit.UnitTestAdapter, Microsoft.VisualStudio.QualityTools.Tips.UnitTest.Adapter, Version=10.0.0.0, Culture=neutral, PublicKeyToken=b03f5f7f11d50a3a" className="DomainTests.ModelTests, DomainTests, Version=1.0.0.0, Culture=neutral, PublicKeyToken=null" name="CanCreateEmptyModel" />
    </UnitTest>
  </TestDefinitions>
  <TestLists>
    <TestList name="Results Not in a List" id="8c84fa94-04c1-424b-9868-57a2d4851a1d" />
    <TestList name="All Loaded Results" id="19431567-8539-422a-85d7-44ee4e166bda" />
  </TestLists>
  <TestEntries>
    <TestEntry testId="f22aaa54-4ce2-f2fb-fa44-f66be16bb999" executionId="4fc41b7c-7455-477e-99d0-79626bb3c5b8" testListId="8c84fa94-04c1-424b-9868-57a2d4851a1d" />
  </TestEntries>
  <Results>
    <UnitTestResult executionId="4fc41b7c-7455-477e-99d0-79626bb3c5b8" testId="f22aaa54-4ce2-f2fb-fa44-f66be16bb999" testName="CanCreateEmptyModel" computerName="MICHEL" duration="00:00:24.0003728" startTime="2010-08-09T22:50:04.0452090+02:00" endTime="2010-08-09T22:50:28.0455818+02:00" testType="13cdc9d9-ddb5-4fa4-a97d-d965ccfc6d4b" outcome="Aborted" testListId="8c84fa94-04c1-424b-9868-57a2d4851a1d" relativeResultsDirectory="4fc41b7c-7455-477e-99d0-79626bb3c5b8">
    </UnitTestResult>
  </Results>
</TestRun>